<?xml version="1.0" encoding="UTF-8"?>
<testng-results ignored="0" total="1" passed="1" failed="0" skipped="0">
  <reporter-output>
  </reporter-output>
  <suite started-at="2023-05-31T14:49:22 EEST" name="Surefire suite" finished-at="2023-05-31T14:49:22 EEST" duration-ms="33">
    <groups>
    </groups>
    <test started-at="2023-05-31T14:49:22 EEST" name="Surefire test" finished-at="2023-05-31T14:49:22 EEST" duration-ms="33">
      <class name="Testpacage.FIsrtTest">
        <test-method signature="firstTest()[pri:0, instance:Testpacage.FIsrtTest@2145433b]" started-at="2023-05-31T14:49:22 EEST" name="firstTest" finished-at="2023-05-31T14:49:22 EEST" duration-ms="4" status="PASS">
          <reporter-output>
          </reporter-output>
        </test-method> <!-- firstTest -->
      </class> <!-- Testpacage.FIsrtTest -->
    </test> <!-- Surefire test -->
  </suite> <!-- Surefire suite -->
</testng-results>
